This is pdfTeX, Version 3.141592653-2.6-1.40.25 (TeX Live 2023) (preloaded format=pdflatex 2023.10.16)  6 APR 2026 12:42
entering extended mode
 restricted \write18 enabled.
 %&-line parsing enabled.
**output.tex
(./output.tex
LaTeX2e <2022-11-01> patch level 1
L3 programming layer <2023-02-22>
(/usr/local/texlive/2023/texmf-dist/tex/latex/base/article.cls
Document Class: article 2022/07/02 v1.4n Standard LaTeX document class
(/usr/local/texlive/2023/texmf-dist/tex/latex/base/size10.clo
File: size10.clo 2022/07/02 v1.4n Standard LaTeX file (size option)
)
\c@part=\count185
\c@section=\count186
\c@subsection=\count187
\c@subsubsection=\count188
\c@paragraph=\count189
\c@subparagraph=\count190
\c@figure=\count191
\c@table=\count192
\abovecaptionskip=\skip48
\belowcaptionskip=\skip49
\bibindent=\dimen140
)
(/usr/local/texlive/2023/texmf-dist/tex/latex/graphics/graphicx.sty
Package: graphicx 2021/09/16 v1.2d Enhanced LaTeX Graphics (DPC,SPQR)

(/usr/local/texlive/2023/texmf-dist/tex/latex/graphics/keyval.sty
Package: keyval 2022/05/29 v1.15 key=value parser (DPC)
\KV@toks@=\toks16
)
(/usr/local/texlive/2023/texmf-dist/tex/latex/graphics/graphics.sty
Package: graphics 2022/03/10 v1.4e Standard LaTeX Graphics (DPC,SPQR)

(/usr/local/texlive/2023/texmf-dist/tex/latex/graphics/trig.sty
Package: trig 2021/08/11 v1.11 sin cos tan (DPC)
)
(/usr/local/texlive/2023/texmf-dist/tex/latex/graphics-cfg/graphics.cfg
File: graphics.cfg 2016/06/04 v1.11 sample graphics configuration
)
Package graphics Info: Driver file: pdftex.def on input line 107.

(/usr/local/texlive/2023/texmf-dist/tex/latex/graphics-def/pdftex.def
File: pdftex.def 2022/09/22 v1.2b Graphics/color driver for pdftex
))
\Gin@req@height=\dimen141
\Gin@req@width=\dimen142
)
(/usr/local/texlive/2023/texmf-dist/tex/latex/geometry/geometry.sty
Package: geometry 2020/01/02 v5.9 Page Geometry

(/usr/local/texlive/2023/texmf-dist/tex/generic/iftex/ifvtex.sty
Package: ifvtex 2019/10/25 v1.7 ifvtex legacy package. Use iftex instead.

(/usr/local/texlive/2023/texmf-dist/tex/generic/iftex/iftex.sty
Package: iftex 2022/02/03 v1.0f TeX engine tests
))
\Gm@cnth=\count193
\Gm@cntv=\count194
\c@Gm@tempcnt=\count195
\Gm@bindingoffset=\dimen143
\Gm@wd@mp=\dimen144
\Gm@odd@mp=\dimen145
\Gm@even@mp=\dimen146
\Gm@layoutwidth=\dimen147
\Gm@layoutheight=\dimen148
\Gm@layouthoffset=\dimen149
\Gm@layoutvoffset=\dimen150
\Gm@dimlist=\toks17
)
(/usr/local/texlive/2023/texmf-dist/tex/latex/l3backend/l3backend-pdftex.def
File: l3backend-pdftex.def 2023-01-16 L3 backend support: PDF output (pdfTeX)
\l__color_backend_stack_int=\count196
\l__pdf_internal_box=\box51
)
(./output.aux)
\openout1 = `output.aux'.

LaTeX Font Info:    Checking defaults for OML/cmm/m/it on input line 14.
LaTeX Font Info:    ... okay on input line 14.
LaTeX Font Info:    Checking defaults for OMS/cmsy/m/n on input line 14.
LaTeX Font Info:    ... okay on input line 14.
LaTeX Font Info:    Checking defaults for OT1/cmr/m/n on input line 14.
LaTeX Font Info:    ... okay on input line 14.
LaTeX Font Info:    Checking defaults for T1/cmr/m/n on input line 14.
LaTeX Font Info:    ... okay on input line 14.
LaTeX Font Info:    Checking defaults for TS1/cmr/m/n on input line 14.
LaTeX Font Info:    ... okay on input line 14.
LaTeX Font Info:    Checking defaults for OMX/cmex/m/n on input line 14.
LaTeX Font Info:    ... okay on input line 14.
LaTeX Font Info:    Checking defaults for U/cmr/m/n on input line 14.
LaTeX Font Info:    ... okay on input line 14.

(/usr/local/texlive/2023/texmf-dist/tex/context/base/mkii/supp-pdf.mkii
[Loading MPS to PDF converter (version 2006.09.02).]
\scratchcounter=\count197
\scratchdimen=\dimen151
\scratchbox=\box52
\nofMPsegments=\count198
\nofMParguments=\count199
\everyMPshowfont=\toks18
\MPscratchCnt=\count266
\MPscratchDim=\dimen152
\MPnumerator=\count267
\makeMPintoPDFobject=\count268
\everyMPtoPDFconversion=\toks19
) (/usr/local/texlive/2023/texmf-dist/tex/latex/epstopdf-pkg/epstopdf-base.sty
Package: epstopdf-base 2020-01-24 v2.11 Base part for package epstopdf
Package epstopdf-base Info: Redefining graphics rule for `.eps' on input line 4
85.

(/usr/local/texlive/2023/texmf-dist/tex/latex/latexconfig/epstopdf-sys.cfg
File: epstopdf-sys.cfg 2010/07/13 v1.3 Configuration of (r)epstopdf for TeX Liv
e
))
*geometry* driver: auto-detecting
*geometry* detected driver: pdftex
*geometry* verbose mode - [ preamble ] result:
* driver: pdftex
* paper: <default>
* layout: <same size as paper>
* layoutoffset:(h,v)=(0.0pt,0.0pt)
* modes: 
* h-part:(L,W,R)=(72.26999pt, 469.75502pt, 72.26999pt)
* v-part:(T,H,B)=(72.26999pt, 650.43001pt, 72.26999pt)
* \paperwidth=614.295pt
* \paperheight=794.96999pt
* \textwidth=469.75502pt
* \textheight=650.43001pt
* \oddsidemargin=0.0pt
* \evensidemargin=0.0pt
* \topmargin=-37.0pt
* \headheight=12.0pt
* \headsep=25.0pt
* \topskip=10.0pt
* \footskip=18.06749pt
* \marginparwidth=65.0pt
* \marginparsep=11.0pt
* \columnsep=10.0pt
* \skip\footins=9.0pt plus 4.0pt minus 2.0pt
* \hoffset=0.0pt
* \voffset=0.0pt
* \mag=1000
* \@twocolumnfalse
* \@twosidefalse
* \@mparswitchfalse
* \@reversemarginfalse
* (1in=72.27pt=25.4mm, 1cm=28.453pt)

LaTeX Font Info:    External font `cmex10' loaded for size
(Font)              <12> on input line 16.
LaTeX Font Info:    External font `cmex10' loaded for size
(Font)              <8> on input line 16.
LaTeX Font Info:    External font `cmex10' loaded for size
(Font)              <6> on input line 16.
LaTeX Font Info:    External font `cmex10' loaded for size
(Font)              <7> on input line 22.
LaTeX Font Info:    External font `cmex10' loaded for size
(Font)              <5> on input line 22.


pdfTeX warning: pdflatex (file ./outputs/lec0-1/q2-1.pdf): PDF inclusion: found
 PDF version <1.7>, but at most version <1.5> allowed
<outputs/lec0-1/q2-1.pdf, id=1, 150.5625pt x 75.28125pt>
File: outputs/lec0-1/q2-1.pdf Graphic file (type pdf)
<use outputs/lec0-1/q2-1.pdf>
Package pdftex.def Info: outputs/lec0-1/q2-1.pdf  used on input line 39.
(pdftex.def)             Requested size: 150.56212pt x 75.28105pt.


pdfTeX warning: pdflatex (file ./outputs/lec0-1/q2-2.pdf): PDF inclusion: found
 PDF version <1.7>, but at most version <1.5> allowed
<outputs/lec0-1/q2-2.pdf, id=2, 210.7875pt x 75.28125pt>
File: outputs/lec0-1/q2-2.pdf Graphic file (type pdf)
<use outputs/lec0-1/q2-2.pdf>
Package pdftex.def Info: outputs/lec0-1/q2-2.pdf  used on input line 41.
(pdftex.def)             Requested size: 210.78699pt x 75.28105pt.
LaTeX Font Info:    Trying to load font information for OML+cmr on input line 5
2.
(/usr/local/texlive/2023/texmf-dist/tex/latex/base/omlcmr.fd
File: omlcmr.fd 2022/07/10 v2.5l Standard LaTeX font definitions
)
LaTeX Font Info:    Font shape `OML/cmr/m/n' in size <10> not available
(Font)              Font shape `OML/cmm/m/it' tried instead on input line 52.


pdfTeX warning: pdflatex (file ./outputs/lec0-1/q1.pdf): PDF inclusion: found P
DF version <1.7>, but at most version <1.5> allowed
<outputs/lec0-1/q1.pdf, id=3, 451.6875pt x 451.6875pt>
File: outputs/lec0-1/q1.pdf Graphic file (type pdf)
<use outputs/lec0-1/q1.pdf>
Package pdftex.def Info: outputs/lec0-1/q1.pdf  used on input line 65.
(pdftex.def)             Requested size: 451.68639pt x 451.68639pt.
[1

{/usr/local/texlive/2023/texmf-var/fonts/map/pdftex/updmap/pdftex.map} <./outpu
ts/lec0-1/q2-1.pdf> <./outputs/lec0-1/q2-2.pdf

pdfTeX warning: pdflatex (file ./outputs/lec0-1/q2-2.pdf): PDF inclusion: multi
ple pdfs with page group included in a single page
>] [2 <./outputs/lec0-1/q1.pdf>]

pdfTeX warning: pdflatex (file ./outputs/lec0-1/q2-3.pdf): PDF inclusion: found
 PDF version <1.7>, but at most version <1.5> allowed
<outputs/lec0-1/q2-3.pdf, id=43, 150.5625pt x 75.28125pt>
File: outputs/lec0-1/q2-3.pdf Graphic file (type pdf)
<use outputs/lec0-1/q2-3.pdf>
Package pdftex.def Info: outputs/lec0-1/q2-3.pdf  used on input line 98.
(pdftex.def)             Requested size: 150.56212pt x 75.28105pt.


pdfTeX warning: pdflatex (file ./outputs/lec0-1/q2-4.pdf): PDF inclusion: found
 PDF version <1.7>, but at most version <1.5> allowed
<outputs/lec0-1/q2-4.pdf, id=44, 210.7875pt x 75.28125pt>
File: outputs/lec0-1/q2-4.pdf Graphic file (type pdf)
<use outputs/lec0-1/q2-4.pdf>
Package pdftex.def Info: outputs/lec0-1/q2-4.pdf  used on input line 100.
(pdftex.def)             Requested size: 210.78699pt x 75.28105pt.


pdfTeX warning: pdflatex (file ./outputs/lec0-1/q3-1.pdf): PDF inclusion: found
 PDF version <1.7>, but at most version <1.5> allowed
<outputs/lec0-1/q3-1.pdf, id=45, 150.5625pt x 225.84375pt>
File: outputs/lec0-1/q3-1.pdf Graphic file (type pdf)
<use outputs/lec0-1/q3-1.pdf>
Package pdftex.def Info: outputs/lec0-1/q3-1.pdf  used on input line 111.
(pdftex.def)             Requested size: 150.56212pt x 225.84319pt.


pdfTeX warning: pdflatex (file ./outputs/lec0-1/q3-2.pdf): PDF inclusion: found
 PDF version <1.7>, but at most version <1.5> allowed
<outputs/lec0-1/q3-2.pdf, id=46, 150.5625pt x 225.84375pt>
File: outputs/lec0-1/q3-2.pdf Graphic file (type pdf)
<use outputs/lec0-1/q3-2.pdf>
Package pdftex.def Info: outputs/lec0-1/q3-2.pdf  used on input line 112.
(pdftex.def)             Requested size: 150.56212pt x 225.84319pt.
[3 <./outputs/lec0-1/q2-3.pdf> <./outputs/lec0-1/q2-4.pdf

pdfTeX warning: pdflatex (file ./outputs/lec0-1/q2-4.pdf): PDF inclusion: multi
ple pdfs with page group included in a single page
> <./outputs/lec0-1/q3-1.pdf

pdfTeX warning: pdflatex (file ./outputs/lec0-1/q3-1.pdf): PDF inclusion: multi
ple pdfs with page group included in a single page
>]

pdfTeX warning: pdflatex (file ./outputs/lec0-1/q4.pdf): PDF inclusion: found P
DF version <1.7>, but at most version <1.5> allowed
<outputs/lec0-1/q4.pdf, id=72, 210.7875pt x 557.08125pt>
File: outputs/lec0-1/q4.pdf Graphic file (type pdf)
<use outputs/lec0-1/q4.pdf>
Package pdftex.def Info: outputs/lec0-1/q4.pdf  used on input line 142.
(pdftex.def)             Requested size: 210.78699pt x 557.0799pt.
[4 <./outputs/lec0-1/q3-2.pdf>]

pdfTeX warning: pdflatex (file ./outputs/lec0-1/q5-1.pdf): PDF inclusion: found
 PDF version <1.7>, but at most version <1.5> allowed
<outputs/lec0-1/q5-1.pdf, id=84, 271.0125pt x 105.39375pt>
File: outputs/lec0-1/q5-1.pdf Graphic file (type pdf)
<use outputs/lec0-1/q5-1.pdf>
Package pdftex.def Info: outputs/lec0-1/q5-1.pdf  used on input line 152.
(pdftex.def)             Requested size: 271.01183pt x 105.39348pt.
[5 <./outputs/lec0-1/q4.pdf>]

pdfTeX warning: pdflatex (file ./outputs/lec0-1/q5-2.pdf): PDF inclusion: found
 PDF version <1.7>, but at most version <1.5> allowed
<outputs/lec0-1/q5-2.pdf, id=96, 271.0125pt x 105.39375pt>
File: outputs/lec0-1/q5-2.pdf Graphic file (type pdf)
<use outputs/lec0-1/q5-2.pdf>
Package pdftex.def Info: outputs/lec0-1/q5-2.pdf  used on input line 153.
(pdftex.def)             Requested size: 271.01183pt x 105.39348pt.


pdfTeX warning: pdflatex (file ./outputs/lec0-1/q5-3.pdf): PDF inclusion: found
 PDF version <1.7>, but at most version <1.5> allowed
<outputs/lec0-1/q5-3.pdf, id=97, 511.9125pt x 105.39375pt>
File: outputs/lec0-1/q5-3.pdf Graphic file (type pdf)
<use outputs/lec0-1/q5-3.pdf>
Package pdftex.def Info: outputs/lec0-1/q5-3.pdf  used on input line 154.
(pdftex.def)             Requested size: 511.91125pt x 105.39348pt.

Overfull \hbox (42.15623pt too wide) in paragraph at lines 154--154
 [] 
 []



pdfTeX warning: pdflatex (file ./outputs/lec0-1/q5-4.pdf): PDF inclusion: found
 PDF version <1.7>, but at most version <1.5> allowed
<outputs/lec0-1/q5-4.pdf, id=98, 511.9125pt x 105.39375pt>
File: outputs/lec0-1/q5-4.pdf Graphic file (type pdf)
<use outputs/lec0-1/q5-4.pdf>
Package pdftex.def Info: outputs/lec0-1/q5-4.pdf  used on input line 155.
(pdftex.def)             Requested size: 511.91125pt x 105.39348pt.

Overfull \hbox (42.15623pt too wide) in paragraph at lines 155--155
 [] 
 []

[6 <./outputs/lec0-1/q5-1.pdf> <./outputs/lec0-1/q5-2.pdf

pdfTeX warning: pdflatex (file ./outputs/lec0-1/q5-2.pdf): PDF inclusion: multi
ple pdfs with page group included in a single page
> <./outputs/lec0-1/q5-3.pdf

pdfTeX warning: pdflatex (file ./outputs/lec0-1/q5-3.pdf): PDF inclusion: multi
ple pdfs with page group included in a single page
> <./outputs/lec0-1/q5-4.pdf

pdfTeX warning: pdflatex (file ./outputs/lec0-1/q5-4.pdf): PDF inclusion: multi
ple pdfs with page group included in a single page
>]

pdfTeX warning: pdflatex (file ./outputs/lec2/q2.pdf): PDF inclusion: found PDF
 version <1.7>, but at most version <1.5> allowed
<outputs/lec2/q2.pdf, id=131, 451.6875pt x 180.675pt>
File: outputs/lec2/q2.pdf Graphic file (type pdf)
<use outputs/lec2/q2.pdf>
Package pdftex.def Info: outputs/lec2/q2.pdf  used on input line 210.
(pdftex.def)             Requested size: 451.68639pt x 180.67455pt.


pdfTeX warning: pdflatex (file ./outputs/lec2/q3.pdf): PDF inclusion: found PDF
 version <1.7>, but at most version <1.5> allowed
<outputs/lec2/q3.pdf, id=132, 301.125pt x 526.96875pt>
File: outputs/lec2/q3.pdf Graphic file (type pdf)
<use outputs/lec2/q3.pdf>
Package pdftex.def Info: outputs/lec2/q3.pdf  used on input line 236.
(pdftex.def)             Requested size: 301.12425pt x 526.96745pt.
[7 <./outputs/lec2/q2.pdf>] [8 <./outputs/lec2/q3.pdf>]

pdfTeX warning: pdflatex (file ./outputs/lec2/q4.pdf): PDF inclusion: found PDF
 version <1.7>, but at most version <1.5> allowed
<outputs/lec2/q4.pdf, id=156, 639.89063pt x 451.6875pt>
File: outputs/lec2/q4.pdf Graphic file (type pdf)
<use outputs/lec2/q4.pdf>
Package pdftex.def Info: outputs/lec2/q4.pdf  used on input line 267.
(pdftex.def)             Requested size: 639.88905pt x 451.68639pt.

Overfull \hbox (170.13403pt too wide) in paragraph at lines 267--267
 [] 
 []



pdfTeX warning: pdflatex (file ./outputs/lec2/q5.pdf): PDF inclusion: found PDF
 version <1.7>, but at most version <1.5> allowed
<outputs/lec2/q5.pdf, id=157, 451.6875pt x 301.125pt>
File: outputs/lec2/q5.pdf Graphic file (type pdf)
<use outputs/lec2/q5.pdf>
Package pdftex.def Info: outputs/lec2/q5.pdf  used on input line 282.
(pdftex.def)             Requested size: 451.68639pt x 301.12425pt.
[9 <./outputs/lec2/q4.pdf>]

pdfTeX warning: pdflatex (file ./outputs/lec2/q6.pdf): PDF inclusion: found PDF
 version <1.7>, but at most version <1.5> allowed
<outputs/lec2/q6.pdf, id=171, 451.6875pt x 150.5625pt>
File: outputs/lec2/q6.pdf Graphic file (type pdf)
<use outputs/lec2/q6.pdf>
Package pdftex.def Info: outputs/lec2/q6.pdf  used on input line 296.
(pdftex.def)             Requested size: 451.68639pt x 150.56212pt.


pdfTeX warning: pdflatex (file ./outputs/lec2/q7.pdf): PDF inclusion: found PDF
 version <1.7>, but at most version <1.5> allowed
<outputs/lec2/q7.pdf, id=172, 451.6875pt x 255.95625pt>
File: outputs/lec2/q7.pdf Graphic file (type pdf)
<use outputs/lec2/q7.pdf>
Package pdftex.def Info: outputs/lec2/q7.pdf  used on input line 307.
(pdftex.def)             Requested size: 451.68639pt x 255.95561pt.
[10 <./outputs/lec2/q5.pdf> <./outputs/lec2/q6.pdf

pdfTeX warning: pdflatex (file ./outputs/lec2/q6.pdf): PDF inclusion: multiple 
pdfs with page group included in a single page
>] [11 <./outputs/lec2/q7.pdf>]

pdfTeX warning: pdflatex (file ./outputs/lec3/q1.pdf): PDF inclusion: found PDF
 version <1.7>, but at most version <1.5> allowed
<outputs/lec3/q1.pdf, id=202, 451.6875pt x 105.39375pt>
File: outputs/lec3/q1.pdf Graphic file (type pdf)
<use outputs/lec3/q1.pdf>
Package pdftex.def Info: outputs/lec3/q1.pdf  used on input line 323.
(pdftex.def)             Requested size: 451.68639pt x 105.39348pt.


pdfTeX warning: pdflatex (file ./outputs/lec3/q2.pdf): PDF inclusion: found PDF
 version <1.7>, but at most version <1.5> allowed
<outputs/lec3/q2.pdf, id=203, 301.125pt x 188.20313pt>
File: outputs/lec3/q2.pdf Graphic file (type pdf)
<use outputs/lec3/q2.pdf>
Package pdftex.def Info: outputs/lec3/q2.pdf  used on input line 337.
(pdftex.def)             Requested size: 301.12425pt x 188.20265pt.
[12 <./outputs/lec3/q1.pdf> <./outputs/lec3/q2.pdf

pdfTeX warning: pdflatex (file ./outputs/lec3/q2.pdf): PDF inclusion: multiple 
pdfs with page group included in a single page
>]

pdfTeX warning: pdflatex (file ./outputs/lec3/q3.pdf): PDF inclusion: found PDF
 version <1.7>, but at most version <1.5> allowed
<outputs/lec3/q3.pdf, id=222, 451.6875pt x 444.15938pt>
File: outputs/lec3/q3.pdf Graphic file (type pdf)
<use outputs/lec3/q3.pdf>
Package pdftex.def Info: outputs/lec3/q3.pdf  used on input line 373.
(pdftex.def)             Requested size: 451.68639pt x 444.15828pt.


pdfTeX warning: pdflatex (file ./outputs/lec3/q4.pdf): PDF inclusion: found PDF
 version <1.7>, but at most version <1.5> allowed
<outputs/lec3/q4.pdf, id=223, 338.76563pt x 301.125pt>
File: outputs/lec3/q4.pdf Graphic file (type pdf)
<use outputs/lec3/q4.pdf>
Package pdftex.def Info: outputs/lec3/q4.pdf  used on input line 378.
(pdftex.def)             Requested size: 338.76479pt x 301.12425pt.
[13 <./outputs/lec3/q3.pdf>] [14 <./outputs/lec3/q4.pdf>]

pdfTeX warning: pdflatex (file ./outputs/lec4/q3.pdf): PDF inclusion: found PDF
 version <1.7>, but at most version <1.5> allowed
<outputs/lec4/q3.pdf, id=254, 451.6875pt x 481.8pt>
File: outputs/lec4/q3.pdf Graphic file (type pdf)
<use outputs/lec4/q3.pdf>
Package pdftex.def Info: outputs/lec4/q3.pdf  used on input line 416.
(pdftex.def)             Requested size: 451.68639pt x 481.79881pt.
[15{/usr/local/texlive/2023/texmf-dist/fonts/enc/dvips/cm-super/cm-super-ts1.en
c}]

pdfTeX warning: pdflatex (file ./outputs/lec4/q1.pdf): PDF inclusion: found PDF
 version <1.7>, but at most version <1.5> allowed
<outputs/lec4/q1.pdf, id=260, 526.96875pt x 647.41875pt>
File: outputs/lec4/q1.pdf Graphic file (type pdf)
<use outputs/lec4/q1.pdf>
Package pdftex.def Info: outputs/lec4/q1.pdf  used on input line 449.
(pdftex.def)             Requested size: 526.96745pt x 647.41716pt.

Overfull \hbox (57.21243pt too wide) in paragraph at lines 449--449
 [] 
 []

[16 <./outputs/lec4/q3.pdf>] [17] [18 <./outputs/lec4/q1.pdf>]

pdfTeX warning: pdflatex (file ./outputs/lec4/q2.pdf): PDF inclusion: found PDF
 version <1.7>, but at most version <1.5> allowed
<outputs/lec4/q2.pdf, id=286, 526.96875pt x 414.04688pt>
File: outputs/lec4/q2.pdf Graphic file (type pdf)
<use outputs/lec4/q2.pdf>
Package pdftex.def Info: outputs/lec4/q2.pdf  used on input line 478.
(pdftex.def)             Requested size: 526.96745pt x 414.04585pt.

Overfull \hbox (57.21243pt too wide) in paragraph at lines 478--478
 [] 
 []

[19 <./outputs/lec4/q2.pdf>]
File: outputs/lec4/q2.pdf Graphic file (type pdf)
<use outputs/lec4/q2.pdf>
Package pdftex.def Info: outputs/lec4/q2.pdf  used on input line 511.
(pdftex.def)             Requested size: 526.96745pt x 414.04585pt.

Overfull \hbox (57.21243pt too wide) in paragraph at lines 511--511
 [] 
 []

[20] (./output.aux)

LaTeX Warning: Label(s) may have changed. Rerun to get cross-references right.

 ) 
Here is how much of TeX's memory you used:
 2088 strings out of 476025
 36279 string characters out of 5790016
 1858388 words of memory out of 5000000
 22540 multiletter control sequences out of 15000+600000
 517391 words of font info for 49 fonts, out of 8000000 for 9000
 1141 hyphenation exceptions out of 8191
 57i,6n,62p,232b,196s stack positions out of 10000i,1000n,20000p,200000b,200000s
</usr/local/texlive/2023/texmf-dist/fonts/type1/public/amsfonts/cm/cmbx10.pfb
></usr/local/texlive/2023/texmf-dist/fonts/type1/public/amsfonts/cm/cmbx12.pfb>
</usr/local/texlive/2023/texmf-dist/fonts/type1/public/amsfonts/cm/cmmi10.pfb><
/usr/local/texlive/2023/texmf-dist/fonts/type1/public/amsfonts/cm/cmr10.pfb></u
sr/local/texlive/2023/texmf-dist/fonts/type1/public/amsfonts/cm/cmr12.pfb></usr
/local/texlive/2023/texmf-dist/fonts/type1/public/amsfonts/cm/cmr17.pfb></usr/l
ocal/texlive/2023/texmf-dist/fonts/type1/public/amsfonts/cm/cmr7.pfb></usr/loca
l/texlive/2023/texmf-dist/fonts/type1/public/amsfonts/cm/cmsy10.pfb></usr/local
/texlive/2023/texmf-dist/fonts/type1/public/amsfonts/cm/cmti10.pfb></usr/local/
texlive/2023/texmf-dist/fonts/type1/public/amsfonts/cm/cmtt10.pfb></usr/local/t
exlive/2023/texmf-dist/fonts/type1/public/cm-super/sfrm1000.pfb>
Output written on output.pdf (20 pages, 384596 bytes).
PDF statistics:
 351 PDF objects out of 1000 (max. 8388607)
 227 compressed objects within 3 object streams
 0 named destinations out of 1000 (max. 500000)
 126 words of extra memory for PDF output out of 10000 (max. 10000000)

